[2025-05-13 13:25:06Z INFO HostContext] No proxy settings were found based on environmental variables (http_proxy/https_proxy/HTTP_PROXY/HTTPS_PROXY)
[2025-05-13 13:25:06Z INFO HostContext] Well known directory 'Bin': 'C:\Users\dell\Desktop\SCD\Gofood\actions-runner\bin'
[2025-05-13 13:25:06Z INFO HostContext] Well known directory 'Root': 'C:\Users\dell\Desktop\SCD\Gofood\actions-runner'
[2025-05-13 13:25:06Z INFO HostContext] Well known config file 'Credentials': 'C:\Users\dell\Desktop\SCD\Gofood\actions-runner\.credentials'
[2025-05-13 13:25:07Z INFO HostContext] Well known directory 'Bin': 'C:\Users\dell\Desktop\SCD\Gofood\actions-runner\bin'
[2025-05-13 13:25:07Z INFO HostContext] Well known directory 'Root': 'C:\Users\dell\Desktop\SCD\Gofood\actions-runner'
[2025-05-13 13:25:07Z INFO HostContext] Well known config file 'Runner': 'C:\Users\dell\Desktop\SCD\Gofood\actions-runner\.runner'
[2025-05-13 13:25:07Z INFO Listener] Runner is built for Windows (X64) - win-x64.
[2025-05-13 13:25:07Z INFO Listener] RuntimeInformation: Microsoft Windows 10.0.22000.
[2025-05-13 13:25:07Z INFO Listener] Version: 2.323.0
[2025-05-13 13:25:07Z INFO Listener] Commit: d8b82f44a9ec0258904d5869ae683c31d5aac299
[2025-05-13 13:25:07Z INFO Listener] Culture: en-US
[2025-05-13 13:25:07Z INFO Listener] UI Culture: en-US
[2025-05-13 13:25:07Z INFO HostContext] Well known directory 'Bin': 'C:\Users\dell\Desktop\SCD\Gofood\actions-runner\bin'
[2025-05-13 13:25:07Z INFO HostContext] Well known directory 'Root': 'C:\Users\dell\Desktop\SCD\Gofood\actions-runner'
[2025-05-13 13:25:07Z INFO Listener] Validating directory permissions for: 'C:\Users\dell\Desktop\SCD\Gofood\actions-runner'
[2025-05-13 13:25:07Z ERR  Terminal] WRITE ERROR: An error occurred: Permission to read the directory contents is required for 'C:\Users\dell\Desktop\SCD\Gofood\actions-runner' and each directory up the hierarchy. Access to the path 'C:\Users\dell\Desktop\SCD\Gofood' is denied.
[2025-05-13 13:25:07Z ERR  Listener] System.UnauthorizedAccessException: Permission to read the directory contents is required for 'C:\Users\dell\Desktop\SCD\Gofood\actions-runner' and each directory up the hierarchy. Access to the path 'C:\Users\dell\Desktop\SCD\Gofood' is denied.
 ---> System.UnauthorizedAccessException: Access to the path 'C:\Users\dell\Desktop\SCD\Gofood' is denied.
   at System.IO.Enumeration.FileSystemEnumerator`1.CreateDirectoryHandle(String path, Boolean ignoreNotFound)
   at System.IO.Enumeration.FileSystemEnumerator`1.Init()
   at System.IO.Enumeration.FileSystemEnumerable`1..ctor(String directory, FindTransform transform, EnumerationOptions options, Boolean isNormalized)
   at System.IO.Enumeration.FileSystemEnumerableFactory.UserEntries(String directory, String expression, EnumerationOptions options)
   at System.IO.Directory.InternalEnumeratePaths(String path, String searchPattern, SearchTarget searchTarget, EnumerationOptions options)
   at GitHub.Runner.Sdk.IOUtil.ValidateExecutePermission(String directory)
   --- End of inner exception stack trace ---
   at GitHub.Runner.Sdk.IOUtil.ValidateExecutePermission(String directory)
   at GitHub.Runner.Listener.Program.MainAsync(IHostContext context, String[] args)
[2025-05-13 13:25:07Z ERR  Listener] #####################################################
[2025-05-13 13:25:07Z ERR  Listener] System.UnauthorizedAccessException: Access to the path 'C:\Users\dell\Desktop\SCD\Gofood' is denied.
   at System.IO.Enumeration.FileSystemEnumerator`1.CreateDirectoryHandle(String path, Boolean ignoreNotFound)
   at System.IO.Enumeration.FileSystemEnumerator`1.Init()
   at System.IO.Enumeration.FileSystemEnumerable`1..ctor(String directory, FindTransform transform, EnumerationOptions options, Boolean isNormalized)
   at System.IO.Enumeration.FileSystemEnumerableFactory.UserEntries(String directory, String expression, EnumerationOptions options)
   at System.IO.Directory.InternalEnumeratePaths(String path, String searchPattern, SearchTarget searchTarget, EnumerationOptions options)
   at GitHub.Runner.Sdk.IOUtil.ValidateExecutePermission(String directory)
